<?xml version="1.0" encoding="UTF-8"?>
<!-- Generated by org.testng.reporters.JUnitReportReporter -->
<testsuite hostname="LAPTOP-HUT4CA45" failures="0" tests="1" name="Test.Login" time="16.970" errors="0" timestamp="11 Sep 2019 08:42:34 GMT" skipped="0">
  <testcase classname="Test.Login" name="base" time="16.970"/>
</testsuite> <!-- Test.Login -->
